app/build/intermediates/manifest_merge_blame_file/release/manifest-merger-blame-release-report.txt
1<?xml version="1.0" encoding="utf-8"?>
2<manifest xmlns:android="http://schemas.android.com/apk/res/android"
3    package="com.superdemo.iap.huawei"
4    android:versionCode="1"
5    android:versionName="1.0" >
6
7    <uses-sdk
8        android:minSdkVersion="19"
8-->src\main\AndroidManifest.xml
9        android:targetSdkVersion="29" />
9-->src\main\AndroidManifest.xml
10
11    <!-- HMS-SDK引导升级HMS功能，访问OTA服务器需要网络权限 -->
12    <uses-permission android:name="android.permission.INTERNET" /> <!-- HMS-SDK引导升级HMS功能，保存下载的升级包需要SD卡写权限 -->
12-->[com.huawei.hms:base:4.0.0.300] AndroidManifest.xml:10:5-67
12-->[com.huawei.hms:base:4.0.0.300] AndroidManifest.xml:10:22-64
13    <uses-permission android:name="android.permission.WRITE_EXTERNAL_STORAGE" /> <!-- 检测网络状态 -->
13-->[com.huawei.hms:base:4.0.0.300] AndroidManifest.xml:12:5-81
13-->[com.huawei.hms:base:4.0.0.300] AndroidManifest.xml:12:22-78
14    <uses-permission android:name="android.permission.ACCESS_NETWORK_STATE" /> <!-- 如果是安卓8.0，应用编译配置的targetSdkVersion>=26，请务必添加以下权限 -->
14-->[com.huawei.hms:base:4.0.0.300] AndroidManifest.xml:14:5-79
14-->[com.huawei.hms:base:4.0.0.300] AndroidManifest.xml:14:22-76
15    <uses-permission android:name="android.permission.REQUEST_INSTALL_PACKAGES" /> <!-- 应用市场9.0版本必须使用该权限获取用户的服务地 -->
15-->[com.huawei.hms:base:4.0.0.300] AndroidManifest.xml:16:5-83
15-->[com.huawei.hms:base:4.0.0.300] AndroidManifest.xml:16:22-80
16    <uses-permission android:name="com.huawei.appmarket.service.commondata.permission.GET_COMMON_DATA" />
16-->[com.huawei.hms:base:4.0.0.300] AndroidManifest.xml:18:5-106
16-->[com.huawei.hms:base:4.0.0.300] AndroidManifest.xml:18:22-103
17    <uses-permission android:name="android.permission.READ_EXTERNAL_STORAGE" />
18
19    <application
19-->src\main\AndroidManifest.xml:5:5-17:19
20        android:allowBackup="true"
20-->src\main\AndroidManifest.xml:6:9-35
21        android:appComponentFactory="androidx.core.app.CoreComponentFactory"
21-->[androidx.core:core:1.1.0] AndroidManifest.xml:24:18-86
22        android:label="@string/app_name"
22-->src\main\AndroidManifest.xml:7:9-41
23        android:supportsRtl="true"
23-->src\main\AndroidManifest.xml:8:9-35
24        android:theme="@style/AppTheme" >
24-->src\main\AndroidManifest.xml:9:9-40
25        <activity android:name="com.superdemo.iap.huawei.MainActivity" >
25-->src\main\AndroidManifest.xml:10:9-16:20
25-->src\main\AndroidManifest.xml:10:19-47
26            <intent-filter>
26-->src\main\AndroidManifest.xml:11:13-15:29
27                <action android:name="android.intent.action.MAIN" />
27-->src\main\AndroidManifest.xml:12:17-69
27-->src\main\AndroidManifest.xml:12:25-66
28
29                <category android:name="android.intent.category.LAUNCHER" />
29-->src\main\AndroidManifest.xml:14:17-77
29-->src\main\AndroidManifest.xml:14:27-74
30            </intent-filter>
31        </activity>
32        <activity
32-->[com.huawei.hms:hwid:4.0.1.300] AndroidManifest.xml:10:9-15:20
33            android:name="com.huawei.hms.hwid.internal.ui.activity.HwIdSignInHubActivity"
33-->[com.huawei.hms:hwid:4.0.1.300] AndroidManifest.xml:11:13-90
34            android:excludeFromRecents="true"
34-->[com.huawei.hms:hwid:4.0.1.300] AndroidManifest.xml:12:13-46
35            android:exported="false"
35-->[com.huawei.hms:hwid:4.0.1.300] AndroidManifest.xml:13:13-37
36            android:theme="@android:style/Theme.Translucent.NoTitleBar" >
36-->[com.huawei.hms:hwid:4.0.1.300] AndroidManifest.xml:14:13-72
37        </activity>
38
39        <meta-data
39-->[com.huawei.hms:hwid:4.0.1.300] AndroidManifest.xml:17:9-19:46
40            android:name="com.huawei.hms.client.service.name:hwid"
40-->[com.huawei.hms:hwid:4.0.1.300] AndroidManifest.xml:18:13-67
41            android:value="hwid:4.0.1.300" />
41-->[com.huawei.hms:hwid:4.0.1.300] AndroidManifest.xml:19:13-43
42        <meta-data
42-->[com.huawei.hms:hwid:4.0.1.300] AndroidManifest.xml:20:9-22:33
43            android:name="com.huawei.hms.min_api_level:hwid:hwid"
43-->[com.huawei.hms:hwid:4.0.1.300] AndroidManifest.xml:21:13-66
44            android:value="1" />
44-->[com.huawei.hms:hwid:4.0.1.300] AndroidManifest.xml:22:13-30
45        <meta-data
45-->[com.huawei.hms:iap:4.0.0.300] AndroidManifest.xml:12:9-14:45
46            android:name="com.huawei.hms.client.service.name:iap"
46-->[com.huawei.hms:iap:4.0.0.300] AndroidManifest.xml:13:13-66
47            android:value="iap:4.0.0.300" />
47-->[com.huawei.hms:iap:4.0.0.300] AndroidManifest.xml:14:13-42
48        <!--
49        为后续统计第三方app集成了哪些Kit，因此需要Kit在自己的AndroidManifest.xml文件中定义业务标签元数据，
50        流水线打包时会替换成HMSVER对应的版本号，不要手动修改
51        -->
52        <meta-data
52-->[com.huawei.hms:base:4.0.0.300] AndroidManifest.xml:26:9-28:46
53            android:name="com.huawei.hms.client.service.name:base"
53-->[com.huawei.hms:base:4.0.0.300] AndroidManifest.xml:27:13-67
54            android:value="base:4.0.0.300" /> <!-- SDK依赖的HMSCore的最低api level元数据 -->
54-->[com.huawei.hms:base:4.0.0.300] AndroidManifest.xml:28:13-43
55        <meta-data
55-->[com.huawei.hms:base:4.0.0.300] AndroidManifest.xml:31:9-33:33
56            android:name="com.huawei.hms.min_api_level:base:hmscore"
56-->[com.huawei.hms:base:4.0.0.300] AndroidManifest.xml:32:13-69
57            android:value="1" />
57-->[com.huawei.hms:base:4.0.0.300] AndroidManifest.xml:33:13-30
58
59        <activity
59-->[com.huawei.hms:base:4.0.0.300] AndroidManifest.xml:35:9-45:20
60            android:name="com.huawei.hms.activity.BridgeActivity"
60-->[com.huawei.hms:base:4.0.0.300] AndroidManifest.xml:36:13-66
61            android:configChanges="orientation|locale|layoutDirection|fontScale|screenSize|smallestScreenSize|screenLayout"
61-->[com.huawei.hms:base:4.0.0.300] AndroidManifest.xml:37:13-124
62            android:excludeFromRecents="true"
62-->[com.huawei.hms:base:4.0.0.300] AndroidManifest.xml:38:13-46
63            android:exported="false"
63-->[com.huawei.hms:base:4.0.0.300] AndroidManifest.xml:39:13-37
64            android:hardwareAccelerated="true"
64-->[com.huawei.hms:base:4.0.0.300] AndroidManifest.xml:40:13-47
65            android:theme="@android:style/Theme.Translucent" >
65-->[com.huawei.hms:base:4.0.0.300] AndroidManifest.xml:41:13-61
66            <meta-data
66-->[com.huawei.hms:base:4.0.0.300] AndroidManifest.xml:42:13-44:77
67                android:name="hwc-theme"
67-->[com.huawei.hms:base:4.0.0.300] AndroidManifest.xml:43:17-41
68                android:value="androidhwext:style/Theme.Emui.Translucent" />
68-->[com.huawei.hms:base:4.0.0.300] AndroidManifest.xml:44:17-74
69        </activity>
70        <activity
70-->[com.huawei.hms:base:4.0.0.300] AndroidManifest.xml:46:9-49:20
71            android:name="com.huawei.hms.activity.EnableServiceActivity"
71-->[com.huawei.hms:base:4.0.0.300] AndroidManifest.xml:47:13-73
72            android:configChanges="orientation|keyboardHidden|screenSize|smallestScreenSize|screenLayout" >
72-->[com.huawei.hms:base:4.0.0.300] AndroidManifest.xml:48:13-106
73        </activity>
74        <activity
74-->[com.huawei.hms:base:4.0.0.300] AndroidManifest.xml:50:9-58:20
75            android:name="com.huawei.updatesdk.service.otaupdate.AppUpdateActivity"
75-->[com.huawei.hms:base:4.0.0.300] AndroidManifest.xml:51:13-84
76            android:configChanges="orientation|screenSize|smallestScreenSize|screenLayout"
76-->[com.huawei.hms:base:4.0.0.300] AndroidManifest.xml:52:13-91
77            android:exported="false"
77-->[com.huawei.hms:base:4.0.0.300] AndroidManifest.xml:53:13-37
78            android:theme="@style/upsdkDlDialog" >
78-->[com.huawei.hms:base:4.0.0.300] AndroidManifest.xml:54:13-49
79            <meta-data
79-->[com.huawei.hms:base:4.0.0.300] AndroidManifest.xml:42:13-44:77
80                android:name="hwc-theme"
80-->[com.huawei.hms:base:4.0.0.300] AndroidManifest.xml:43:17-41
81                android:value="androidhwext:style/Theme.Emui.Translucent.NoTitleBar" />
81-->[com.huawei.hms:base:4.0.0.300] AndroidManifest.xml:44:17-74
82        </activity>
83        <activity
83-->[com.huawei.hms:base:4.0.0.300] AndroidManifest.xml:59:9-67:20
84            android:name="com.huawei.updatesdk.support.pm.PackageInstallerActivity"
84-->[com.huawei.hms:base:4.0.0.300] AndroidManifest.xml:60:13-84
85            android:configChanges="orientation|keyboardHidden|screenSize|smallestScreenSize|screenLayout"
85-->[com.huawei.hms:base:4.0.0.300] AndroidManifest.xml:61:13-106
86            android:exported="false"
86-->[com.huawei.hms:base:4.0.0.300] AndroidManifest.xml:62:13-37
87            android:theme="@style/upsdkDlDialog" >
87-->[com.huawei.hms:base:4.0.0.300] AndroidManifest.xml:63:13-49
88            <meta-data
88-->[com.huawei.hms:base:4.0.0.300] AndroidManifest.xml:42:13-44:77
89                android:name="hwc-theme"
89-->[com.huawei.hms:base:4.0.0.300] AndroidManifest.xml:43:17-41
90                android:value="androidhwext:style/Theme.Emui.Translucent" />
90-->[com.huawei.hms:base:4.0.0.300] AndroidManifest.xml:44:17-74
91        </activity>
92
93        <provider
93-->[com.huawei.hms:base:4.0.0.300] AndroidManifest.xml:69:9-74:20
94            android:name="com.huawei.hms.update.provider.UpdateProvider"
94-->[com.huawei.hms:base:4.0.0.300] AndroidManifest.xml:70:13-73
95            android:authorities="com.superdemo.iap.huawei.hms.update.provider"
95-->[com.huawei.hms:base:4.0.0.300] AndroidManifest.xml:71:13-71
96            android:exported="false"
96-->[com.huawei.hms:base:4.0.0.300] AndroidManifest.xml:72:13-37
97            android:grantUriPermissions="true" >
97-->[com.huawei.hms:base:4.0.0.300] AndroidManifest.xml:73:13-47
98        </provider>
99        <provider
99-->[com.huawei.agconnect:agconnect-core:1.0.0.300] AndroidManifest.xml:10:9-13:40
100            android:name="com.huawei.agconnect.core.provider.AGConnectInitializeProvider"
100-->[com.huawei.agconnect:agconnect-core:1.0.0.300] AndroidManifest.xml:11:13-90
101            android:authorities="com.superdemo.iap.huawei.AGCInitializeProvider"
101-->[com.huawei.agconnect:agconnect-core:1.0.0.300] AndroidManifest.xml:12:13-73
102            android:exported="false" />
102-->[com.huawei.agconnect:agconnect-core:1.0.0.300] AndroidManifest.xml:13:13-37
103
104        <service
104-->[com.huawei.agconnect:agconnect-core:1.0.0.300] AndroidManifest.xml:15:9-17:40
105            android:name="com.huawei.agconnect.core.ServiceDiscovery"
105-->[com.huawei.agconnect:agconnect-core:1.0.0.300] AndroidManifest.xml:16:13-70
106            android:exported="false" />
106-->[com.huawei.agconnect:agconnect-core:1.0.0.300] AndroidManifest.xml:17:13-37
107    </application>
108
109</manifest>